c:\users\rathe\downloads\boardviewer\openboardview\openviewer\build\pcb_viewer.dir\release\main.obj
c:\users\rathe\downloads\boardviewer\openboardview\openviewer\build\pcb_viewer.dir\release\window.obj
c:\users\rathe\downloads\boardviewer\openboardview\openviewer\build\pcb_viewer.dir\release\pcbrenderer.obj
c:\users\rathe\downloads\boardviewer\openboardview\openviewer\build\pcb_viewer.dir\release\des.obj
c:\users\rathe\downloads\boardviewer\openboardview\openviewer\build\pcb_viewer.dir\release\xzzpcbfile.obj
c:\users\rathe\downloads\boardviewer\openboardview\openviewer\build\pcb_viewer.dir\release\brdfilebase.obj
c:\users\rathe\downloads\boardviewer\openboardview\openviewer\build\pcb_viewer.dir\release\utils.obj
c:\users\rathe\downloads\boardviewer\openboardview\openviewer\build\pcb_viewer.dir\release\brdtypes.obj
c:\users\rathe\downloads\boardviewer\openboardview\openviewer\build\cmakefiles\generate.stamp
c:\users\rathe\downloads\boardviewer\openboardview\openviewer\build\pcb_viewer.dir\release\pcb_viewer.tlog\cl.command.1.tlog
c:\users\rathe\downloads\boardviewer\openboardview\openviewer\build\pcb_viewer.dir\release\pcb_viewer.tlog\cl.read.1.tlog
c:\users\rathe\downloads\boardviewer\openboardview\openviewer\build\pcb_viewer.dir\release\pcb_viewer.tlog\cl.write.1.tlog
c:\users\rathe\downloads\boardviewer\openboardview\openviewer\build\pcb_viewer.dir\release\pcb_viewer.tlog\custombuild.command.1.tlog
c:\users\rathe\downloads\boardviewer\openboardview\openviewer\build\pcb_viewer.dir\release\pcb_viewer.tlog\custombuild.read.1.tlog
c:\users\rathe\downloads\boardviewer\openboardview\openviewer\build\pcb_viewer.dir\release\pcb_viewer.tlog\custombuild.write.1.tlog
c:\users\rathe\downloads\boardviewer\openboardview\openviewer\build\pcb_viewer.dir\release\pcb_viewer.tlog\link-cvtres.read.1.tlog
c:\users\rathe\downloads\boardviewer\openboardview\openviewer\build\pcb_viewer.dir\release\pcb_viewer.tlog\link-cvtres.write.1.tlog
c:\users\rathe\downloads\boardviewer\openboardview\openviewer\build\pcb_viewer.dir\release\pcb_viewer.tlog\link-rc.read.1.tlog
c:\users\rathe\downloads\boardviewer\openboardview\openviewer\build\pcb_viewer.dir\release\pcb_viewer.tlog\link-rc.write.1.tlog
c:\users\rathe\downloads\boardviewer\openboardview\openviewer\build\pcb_viewer.dir\release\pcb_viewer.tlog\link.command.1.tlog
c:\users\rathe\downloads\boardviewer\openboardview\openviewer\build\pcb_viewer.dir\release\pcb_viewer.tlog\link.read.1.tlog
c:\users\rathe\downloads\boardviewer\openboardview\openviewer\build\pcb_viewer.dir\release\pcb_viewer.tlog\link.write.1.tlog
